<?xml version="1.0" encoding="UTF-8"?>
<!-- Generated by org.testng.reporters.JUnitXMLReporter -->
<testsuite ignored="0" hostname="DESKTOP-781TC0U" failures="0" tests="3" name="Default test" time="60.864" errors="0" timestamp="2022-04-25T17:35:00 EDT">
  <testcase classname="LoginTest.MainFM.TestCase_LogInOrangeHRM" name="login_TestCase" time="2.336"/>
  <testcase classname="LoginTest.MainFM.TestCase_LogInOrangeHRM" name="login_TestCase" time="1.372"/>
  <testcase classname="LoginTest.MainFM.TestCase_LogInOrangeHRM" name="login_TestCase" time="0.258"/>
</testsuite> <!-- Default test -->
