<?xml version="1.0" encoding="UTF-8"?>
<testng-results ignored="0" total="3" passed="3" failed="0" skipped="0">
  <reporter-output>
  </reporter-output>
  <suite started-at="2022-04-25T17:33:59 EDT" name="Default suite" finished-at="2022-04-25T17:35:00 EDT" duration-ms="60864">
    <groups>
    </groups>
    <test started-at="2022-04-25T17:33:59 EDT" name="Default test" finished-at="2022-04-25T17:35:00 EDT" duration-ms="60864">
      <class name="LoginTest.MainFM.TestCase_LogInOrangeHRM">
        <test-method is-config="true" signature="setUp()[pri:0, instance:LoginTest.MainFM.TestCase_LogInOrangeHRM@3de8f619]" started-at="2022-04-25T17:34:08 EDT" name="setUp" finished-at="2022-04-25T17:34:28 EDT" duration-ms="20028" status="PASS">
          <reporter-output>
          </reporter-output>
        </test-method> <!-- setUp -->
        <test-method signature="login_TestCase(java.lang.String,java.lang.String)[pri:0, instance:LoginTest.MainFM.TestCase_LogInOrangeHRM@3de8f619]" started-at="2022-04-25T17:34:28 EDT" name="login_TestCase" data-provider="getdata" finished-at="2022-04-25T17:34:30 EDT" duration-ms="2336" status="PASS">
          <params>
            <param index="0">
              <value>
                <![CDATA[Admin]]>
              </value>
            </param>
            <param index="1">
              <value>
                <![CDATA[admin123]]>
              </value>
            </param>
          </params>
          <reporter-output>
          </reporter-output>
        </test-method> <!-- login_TestCase -->
        <test-method is-config="true" signature="tearDown()[pri:0, instance:LoginTest.MainFM.TestCase_LogInOrangeHRM@3de8f619]" started-at="2022-04-25T17:34:30 EDT" name="tearDown" finished-at="2022-04-25T17:34:31 EDT" duration-ms="358" status="PASS">
          <reporter-output>
          </reporter-output>
        </test-method> <!-- tearDown -->
        <test-method is-config="true" signature="setUp()[pri:0, instance:LoginTest.MainFM.TestCase_LogInOrangeHRM@3de8f619]" started-at="2022-04-25T17:34:31 EDT" name="setUp" finished-at="2022-04-25T17:34:42 EDT" duration-ms="11624" status="PASS">
          <reporter-output>
          </reporter-output>
        </test-method> <!-- setUp -->
        <test-method signature="login_TestCase(java.lang.String,java.lang.String)[pri:0, instance:LoginTest.MainFM.TestCase_LogInOrangeHRM@3de8f619]" started-at="2022-04-25T17:34:42 EDT" name="login_TestCase" data-provider="getdata" finished-at="2022-04-25T17:34:44 EDT" duration-ms="1372" status="PASS">
          <params>
            <param index="0">
              <value>
                <![CDATA[shan]]>
              </value>
            </param>
            <param index="1">
              <value>
                <![CDATA[shan25]]>
              </value>
            </param>
          </params>
          <reporter-output>
          </reporter-output>
        </test-method> <!-- login_TestCase -->
        <test-method is-config="true" signature="tearDown()[pri:0, instance:LoginTest.MainFM.TestCase_LogInOrangeHRM@3de8f619]" started-at="2022-04-25T17:34:44 EDT" name="tearDown" finished-at="2022-04-25T17:34:46 EDT" duration-ms="2457" status="PASS">
          <reporter-output>
          </reporter-output>
        </test-method> <!-- tearDown -->
        <test-method is-config="true" signature="setUp()[pri:0, instance:LoginTest.MainFM.TestCase_LogInOrangeHRM@3de8f619]" started-at="2022-04-25T17:34:46 EDT" name="setUp" finished-at="2022-04-25T17:34:59 EDT" duration-ms="13086" status="PASS">
          <reporter-output>
          </reporter-output>
        </test-method> <!-- setUp -->
        <test-method signature="login_TestCase(java.lang.String,java.lang.String)[pri:0, instance:LoginTest.MainFM.TestCase_LogInOrangeHRM@3de8f619]" started-at="2022-04-25T17:34:59 EDT" name="login_TestCase" data-provider="getdata" finished-at="2022-04-25T17:34:59 EDT" duration-ms="258" status="PASS">
          <params>
            <param index="0">
              <value>
                <![CDATA[]]>
              </value>
            </param>
            <param index="1">
              <value>
                <![CDATA[]]>
              </value>
            </param>
          </params>
          <reporter-output>
          </reporter-output>
        </test-method> <!-- login_TestCase -->
        <test-method is-config="true" signature="tearDown()[pri:0, instance:LoginTest.MainFM.TestCase_LogInOrangeHRM@3de8f619]" started-at="2022-04-25T17:34:59 EDT" name="tearDown" finished-at="2022-04-25T17:35:00 EDT" duration-ms="377" status="PASS">
          <reporter-output>
          </reporter-output>
        </test-method> <!-- tearDown -->
      </class> <!-- LoginTest.MainFM.TestCase_LogInOrangeHRM -->
    </test> <!-- Default test -->
  </suite> <!-- Default suite -->
</testng-results>
